Lab42SE/Library/Bee/Android/Prj/Mono2x/Gradle/unityLibrary/build/intermediates/manifest_merge_blame_file/release/manifest-merger-blame-release-report.txt
1<?xml version="1.0" encoding="utf-8"?>
2<manifest xmlns:android="http://schemas.android.com/apk/res/android"
3    xmlns:tools="http://schemas.android.com/tools"
4    package="com.unity3d.player"
5    android:installLocation="auto"
6    android:versionCode="1"
7    android:versionName="0.1" >
8
9    <uses-sdk
10        android:minSdkVersion="23"
10-->src\main\AndroidManifest.xml
11        android:targetSdkVersion="30" />
11-->src\main\AndroidManifest.xml
12
13    <uses-feature android:glEsVersion="0x00030000" />
13-->src\main\AndroidManifest.xml:23:3-52
13-->src\main\AndroidManifest.xml:23:17-49
14    <uses-feature
14-->src\main\AndroidManifest.xml:24:3-91
15        android:name="android.hardware.vulkan.version"
15-->src\main\AndroidManifest.xml:24:17-63
16        android:required="false" />
16-->src\main\AndroidManifest.xml:24:64-88
17
18    <uses-permission android:name="android.permission.INTERNET" />
18-->src\main\AndroidManifest.xml:25:3-65
18-->src\main\AndroidManifest.xml:25:20-62
19    <uses-permission android:name="android.permission.ACCESS_NETWORK_STATE" />
19-->src\main\AndroidManifest.xml:26:3-77
19-->src\main\AndroidManifest.xml:26:20-74
20
21    <uses-feature
21-->src\main\AndroidManifest.xml:27:3-88
22        android:name="android.hardware.touchscreen"
22-->src\main\AndroidManifest.xml:27:17-60
23        android:required="false" />
23-->src\main\AndroidManifest.xml:27:61-85
24    <uses-feature
24-->src\main\AndroidManifest.xml:28:3-99
25        android:name="android.hardware.touchscreen.multitouch"
25-->src\main\AndroidManifest.xml:28:17-71
26        android:required="false" />
26-->src\main\AndroidManifest.xml:28:72-96
27    <uses-feature
27-->src\main\AndroidManifest.xml:29:3-108
28        android:name="android.hardware.touchscreen.multitouch.distinct"
28-->src\main\AndroidManifest.xml:29:17-80
29        android:required="false" />
29-->src\main\AndroidManifest.xml:29:81-105
30    <uses-feature
30-->src\main\AndroidManifest.xml:30:3-111
31        android:name="android.hardware.vr.headtracking"
31-->src\main\AndroidManifest.xml:30:17-64
32        android:required="true"
32-->src\main\AndroidManifest.xml:30:65-88
33        android:version="1" />
33-->src\main\AndroidManifest.xml:30:89-108
34
35    <application android:extractNativeLibs="true" >
35-->src\main\AndroidManifest.xml:3:3-22:17
35-->src\main\AndroidManifest.xml:3:16-48
36        <activity
36-->src\main\AndroidManifest.xml:4:5-12:16
37            android:name="com.unity3d.player.UnityPlayerActivity"
37-->src\main\AndroidManifest.xml:4:15-68
38            android:configChanges="keyboard|keyboardHidden|navigation|orientation|screenLayout|screenSize|uiMode"
38-->src\main\AndroidManifest.xml:4:204-305
39            android:hardwareAccelerated="false"
39-->src\main\AndroidManifest.xml:4:341-376
40            android:launchMode="singleTask"
40-->src\main\AndroidManifest.xml:4:172-203
41            android:resizeableActivity="false"
41-->src\main\AndroidManifest.xml:4:306-340
42            android:screenOrientation="landscape"
42-->src\main\AndroidManifest.xml:4:134-171
43            android:theme="@android:style/Theme.Black.NoTitleBar.Fullscreen" >
43-->src\main\AndroidManifest.xml:4:69-133
44            <intent-filter>
44-->src\main\AndroidManifest.xml:5:7-9:23
45                <action android:name="android.intent.action.MAIN" />
45-->src\main\AndroidManifest.xml:6:9-61
45-->src\main\AndroidManifest.xml:6:17-58
46
47                <category android:name="android.intent.category.LAUNCHER" />
47-->src\main\AndroidManifest.xml:7:9-69
47-->src\main\AndroidManifest.xml:7:19-66
48                <category android:name="com.oculus.intent.category.VR" />
48-->src\main\AndroidManifest.xml:8:9-66
48-->src\main\AndroidManifest.xml:8:19-63
49            </intent-filter>
50
51            <meta-data
51-->src\main\AndroidManifest.xml:10:7-82
52                android:name="unityplayer.UnityActivity"
52-->src\main\AndroidManifest.xml:10:18-58
53                android:value="true" />
53-->src\main\AndroidManifest.xml:10:59-79
54            <meta-data
54-->src\main\AndroidManifest.xml:11:7-81
55                android:name="com.oculus.vr.focusaware"
55-->src\main\AndroidManifest.xml:11:18-57
56                android:value="true" />
56-->src\main\AndroidManifest.xml:11:58-78
57        </activity>
58
59        <meta-data
59-->src\main\AndroidManifest.xml:13:5-69
60            android:name="unity.splash-mode"
60-->src\main\AndroidManifest.xml:13:16-48
61            android:value="0" />
61-->src\main\AndroidManifest.xml:13:49-66
62        <meta-data
62-->src\main\AndroidManifest.xml:14:5-74
63            android:name="unity.splash-enable"
63-->src\main\AndroidManifest.xml:14:16-50
64            android:value="True" />
64-->src\main\AndroidManifest.xml:14:51-71
65        <meta-data
65-->src\main\AndroidManifest.xml:15:5-78
66            android:name="unity.launch-fullscreen"
66-->src\main\AndroidManifest.xml:15:16-54
67            android:value="True" />
67-->src\main\AndroidManifest.xml:15:55-75
68        <meta-data
68-->src\main\AndroidManifest.xml:16:5-84
69            android:name="unity.allow-resizable-window"
69-->src\main\AndroidManifest.xml:16:16-59
70            android:value="False" />
70-->src\main\AndroidManifest.xml:16:60-81
71        <meta-data
71-->src\main\AndroidManifest.xml:17:5-97
72            android:name="com.samsung.android.vr.application.mode"
72-->src\main\AndroidManifest.xml:17:16-70
73            android:value="vr_only" />
73-->src\main\AndroidManifest.xml:17:71-94
74        <meta-data
74-->src\main\AndroidManifest.xml:18:5-91
75            android:name="com.unity.xr.oculus.LowOverheadMode"
75-->src\main\AndroidManifest.xml:18:16-66
76            android:value="false" />
76-->src\main\AndroidManifest.xml:18:67-88
77        <meta-data
77-->src\main\AndroidManifest.xml:19:5-88
78            android:name="com.unity.xr.oculus.LateLatching"
78-->src\main\AndroidManifest.xml:19:16-63
79            android:value="false" />
79-->src\main\AndroidManifest.xml:19:64-85
80        <meta-data
80-->src\main\AndroidManifest.xml:20:5-93
81            android:name="com.unity.xr.oculus.LateLatchingDebug"
81-->src\main\AndroidManifest.xml:20:16-68
82            android:value="false" />
82-->src\main\AndroidManifest.xml:20:69-90
83        <meta-data
83-->src\main\AndroidManifest.xml:21:5-90
84            android:name="com.oculus.supportedDevices"
84-->src\main\AndroidManifest.xml:21:16-58
85            android:value="quest|quest2" />
85-->src\main\AndroidManifest.xml:21:59-87
86    </application>
87
88</manifest>